0 info it worked if it ends with ok
1 verbose cli [ '/home/ubuntu/.nvm/versions/node/v6.11.2/bin/node',
1 verbose cli   '/home/ubuntu/.nvm/versions/node/v6.11.2/bin/npm',
1 verbose cli   'install',
1 verbose cli   'expressjs@3',
1 verbose cli   '--save-dev' ]
2 info using npm@3.10.10
3 info using node@v6.11.2
4 silly loadCurrentTree Starting
5 silly install loadCurrentTree
6 silly install readLocalPackageData
7 silly fetchPackageMetaData expressjs@3
8 silly fetchNamedPackageData expressjs
9 silly mapToRegistry name expressjs
10 silly mapToRegistry using default registry
11 silly mapToRegistry registry https://registry.npmjs.org/
12 silly mapToRegistry data Result {
12 silly mapToRegistry   raw: 'expressjs',
12 silly mapToRegistry   scope: null,
12 silly mapToRegistry   escapedName: 'expressjs',
12 silly mapToRegistry   name: 'expressjs',
12 silly mapToRegistry   rawSpec: '',
12 silly mapToRegistry   spec: 'latest',
12 silly mapToRegistry   type: 'tag' }
13 silly mapToRegistry uri https://registry.npmjs.org/expressjs
14 verbose request uri https://registry.npmjs.org/expressjs
15 verbose request no auth needed
16 info attempt registry request try #1 at 6:52:29 AM
17 verbose request id b3cbcfea586c556e
18 verbose etag "58b418ab-56c"
19 verbose lastModified Mon, 27 Feb 2017 12:16:43 GMT
20 http request GET https://registry.npmjs.org/expressjs
21 http 304 https://registry.npmjs.org/expressjs
22 verbose headers { date: 'Tue, 10 Apr 2018 06:52:29 GMT',
22 verbose headers   via: '1.1 varnish',
22 verbose headers   'cache-control': 'max-age=300',
22 verbose headers   etag: '"58b418ab-56c"',
22 verbose headers   age: '161',
22 verbose headers   connection: 'keep-alive',
22 verbose headers   'x-served-by': 'cache-hkg17922-HKG',
22 verbose headers   'x-cache': 'HIT',
22 verbose headers   'x-cache-hits': '1',
22 verbose headers   'x-timer': 'S1523343149.244207,VS0,VE0',
22 verbose headers   vary: 'Accept-Encoding, Accept' }
23 silly get cb [ 304,
23 silly get   { date: 'Tue, 10 Apr 2018 06:52:29 GMT',
23 silly get     via: '1.1 varnish',
23 silly get     'cache-control': 'max-age=300',
23 silly get     etag: '"58b418ab-56c"',
23 silly get     age: '161',
23 silly get     connection: 'keep-alive',
23 silly get     'x-served-by': 'cache-hkg17922-HKG',
23 silly get     'x-cache': 'HIT',
23 silly get     'x-cache-hits': '1',
23 silly get     'x-timer': 'S1523343149.244207,VS0,VE0',
23 silly get     vary: 'Accept-Encoding, Accept' } ]
24 verbose etag https://registry.npmjs.org/expressjs from cache
25 verbose get saving expressjs to /home/ubuntu/.npm/registry.npmjs.org/expressjs/.cache.json
26 verbose correctMkdir /home/ubuntu/.npm correctMkdir not in flight; initializing
27 silly fetchNamedPackageData No valid target from cache, forcing network
28 verbose request uri https://registry.npmjs.org/expressjs
29 verbose request no auth needed
30 info attempt registry request try #1 at 6:52:29 AM
31 http request GET https://registry.npmjs.org/expressjs
32 http 200 https://registry.npmjs.org/expressjs
33 verbose headers { 'content-type': 'application/json; charset=UTF-8',
33 verbose headers   server: 'UploadServer',
33 verbose headers   'cache-control': 'max-age=300',
33 verbose headers   'last-modified': 'Mon, 27 Feb 2017 12:16:43 GMT',
33 verbose headers   etag: '"58b418ab-56c"',
33 verbose headers   'x-npm-region': 'Asia',
33 verbose headers   'content-encoding': 'gzip',
33 verbose headers   'content-length': '642',
33 verbose headers   'accept-ranges': 'bytes',
33 verbose headers   date: 'Tue, 10 Apr 2018 06:52:29 GMT',
33 verbose headers   via: '1.1 varnish',
33 verbose headers   age: '161',
33 verbose headers   connection: 'keep-alive',
33 verbose headers   'x-served-by': 'cache-hkg17922-HKG',
33 verbose headers   'x-cache': 'HIT',
33 verbose headers   'x-cache-hits': '2',
33 verbose headers   'x-timer': 'S1523343149.282491,VS0,VE0',
33 verbose headers   vary: 'Accept-Encoding, Accept' }
34 silly get cb [ 200,
34 silly get   { 'content-type': 'application/json; charset=UTF-8',
34 silly get     server: 'UploadServer',
34 silly get     'cache-control': 'max-age=300',
34 silly get     'last-modified': 'Mon, 27 Feb 2017 12:16:43 GMT',
34 silly get     etag: '"58b418ab-56c"',
34 silly get     'x-npm-region': 'Asia',
34 silly get     'content-encoding': 'gzip',
34 silly get     'content-length': '642',
34 silly get     'accept-ranges': 'bytes',
34 silly get     date: 'Tue, 10 Apr 2018 06:52:29 GMT',
34 silly get     via: '1.1 varnish',
34 silly get     age: '161',
34 silly get     connection: 'keep-alive',
34 silly get     'x-served-by': 'cache-hkg17922-HKG',
34 silly get     'x-cache': 'HIT',
34 silly get     'x-cache-hits': '2',
34 silly get     'x-timer': 'S1523343149.282491,VS0,VE0',
34 silly get     vary: 'Accept-Encoding, Accept' } ]
35 verbose get saving expressjs to /home/ubuntu/.npm/registry.npmjs.org/expressjs/.cache.json
36 verbose correctMkdir /home/ubuntu/.npm correctMkdir not in flight; initializing
37 silly fetchPackageMetaData Error: No compatible version found: expressjs@3
37 silly fetchPackageMetaData Valid install targets:
37 silly fetchPackageMetaData 1.0.1
37 silly fetchPackageMetaData
37 silly fetchPackageMetaData     at pickVersionFromRegistryDocument (/home/ubuntu/.nvm/versions/node/v6.11.2/lib/node_modules/npm/lib/fetch-package-metadata.js:178:16)
37 silly fetchPackageMetaData     at /home/ubuntu/.nvm/versions/node/v6.11.2/lib/node_modules/npm/node_modules/iferr/index.js:13:50
37 silly fetchPackageMetaData     at /home/ubuntu/.nvm/versions/node/v6.11.2/lib/node_modules/npm/lib/utils/pulse-till-done.js:20:8
37 silly fetchPackageMetaData     at saved (/home/ubuntu/.nvm/versions/node/v6.11.2/lib/node_modules/npm/lib/cache/caching-client.js:174:7)
37 silly fetchPackageMetaData     at /home/ubuntu/.nvm/versions/node/v6.11.2/lib/node_modules/npm/node_modules/graceful-fs/polyfills.js:241:18
37 silly fetchPackageMetaData     at FSReqWrap.oncomplete (fs.js:123:15)
37 silly fetchPackageMetaData  error for expressjs@3 { Error: No compatible version found: expressjs@3
37 silly fetchPackageMetaData Valid install targets:
37 silly fetchPackageMetaData 1.0.1
37 silly fetchPackageMetaData
37 silly fetchPackageMetaData     at pickVersionFromRegistryDocument (/home/ubuntu/.nvm/versions/node/v6.11.2/lib/node_modules/npm/lib/fetch-package-metadata.js:178:16)
37 silly fetchPackageMetaData     at /home/ubuntu/.nvm/versions/node/v6.11.2/lib/node_modules/npm/node_modules/iferr/index.js:13:50
37 silly fetchPackageMetaData     at /home/ubuntu/.nvm/versions/node/v6.11.2/lib/node_modules/npm/lib/utils/pulse-till-done.js:20:8
37 silly fetchPackageMetaData     at saved (/home/ubuntu/.nvm/versions/node/v6.11.2/lib/node_modules/npm/lib/cache/caching-client.js:174:7)
37 silly fetchPackageMetaData     at /home/ubuntu/.nvm/versions/node/v6.11.2/lib/node_modules/npm/node_modules/graceful-fs/polyfills.js:241:18
37 silly fetchPackageMetaData     at FSReqWrap.oncomplete (fs.js:123:15) code: 'ETARGET' }
38 silly rollbackFailedOptional Starting
39 silly rollbackFailedOptional Finishing
40 silly runTopLevelLifecycles Finishing
41 silly install printInstalled
42 verbose stack Error: No compatible version found: expressjs@3
42 verbose stack Valid install targets:
42 verbose stack 1.0.1
42 verbose stack
42 verbose stack     at pickVersionFromRegistryDocument (/home/ubuntu/.nvm/versions/node/v6.11.2/lib/node_modules/npm/lib/fetch-package-metadata.js:178:16)
42 verbose stack     at /home/ubuntu/.nvm/versions/node/v6.11.2/lib/node_modules/npm/node_modules/iferr/index.js:13:50
42 verbose stack     at /home/ubuntu/.nvm/versions/node/v6.11.2/lib/node_modules/npm/lib/utils/pulse-till-done.js:20:8
42 verbose stack     at saved (/home/ubuntu/.nvm/versions/node/v6.11.2/lib/node_modules/npm/lib/cache/caching-client.js:174:7)
42 verbose stack     at /home/ubuntu/.nvm/versions/node/v6.11.2/lib/node_modules/npm/node_modules/graceful-fs/polyfills.js:241:18
42 verbose stack     at FSReqWrap.oncomplete (fs.js:123:15)
43 verbose cwd /home/ubuntu/workspace/day4express
44 error Linux 4.9.80-c9
45 error argv "/home/ubuntu/.nvm/versions/node/v6.11.2/bin/node" "/home/ubuntu/.nvm/versions/node/v6.11.2/bin/npm" "install" "expressjs@3" "--save-dev"
46 error node v6.11.2
47 error npm  v3.10.10
48 error code ETARGET
49 error notarget No compatible version found: expressjs@3
49 error notarget Valid install targets:
49 error notarget 1.0.1
50 error notarget This is most likely not a problem with npm itself.
50 error notarget In most cases you or one of your dependencies are requesting
50 error notarget a package version that doesn't exist.
51 verbose exit [ 1, true ]
